2025-05-07 22:26:01,165 [INFO] Activator:176 - 


2025-05-07 22:26:01,168 [INFO] Activator:177 - !SESSION log4j initialized
2025-05-07 22:26:04,316 [INFO] LogOutputStream:77 - [STDOUT_REDIRECT] 
2025-05-07 22:26:07,517 [INFO] ApplicationProperties:184 - Using Application install path: C:\ST\STM32CubeIDE_1.18.0\STM32CubeIDE\plugins\com.st.stm32cube.common.mx_6.14.0.202502271554
2025-05-07 22:26:07,538 [INFO] DbMcusXml:78 - Set database path to: C:\ST\STM32CubeIDE_1.18.0\STM32CubeIDE\plugins\com.st.stm32cube.common.mx_6.14.0.202502271554\\db\/mcu/
2025-05-07 22:26:07,538 [INFO] ApiDb:274 - Set plugin database path to: C:\ST\STM32CubeIDE_1.18.0\STM32CubeIDE\plugins\com.st.stm32cube.common.mx_6.14.0.202502271554\\db\/plugins/boardmanager/
2025-05-07 22:26:07,557 [WARN] ApiDb:259 - Overriding images path with different value:  => C:\ST\STM32CubeIDE_1.18.0\STM32CubeIDE\plugins\com.st.stm32cube.common.mx_6.14.0.202502271554\\db\/plugins/mcufinder/images/
2025-05-07 22:26:07,567 [INFO] ApiDb:250 - Set database path to: C:\Users\njfg0\.stmcufinder\plugins\mcufinder//mcu/
2025-05-07 22:26:07,568 [INFO] DbMcusAds:125 - Set database path to: C:\Users\njfg0\.stmcufinder\plugins\mcufinder//mcu/
2025-05-07 22:26:07,573 [INFO] CrossReferenceDbSqlite:203 - Set database path to: C:\Users\njfg0\.stmcufinder\plugins\mcufinder//mcu/cs/
2025-05-07 22:26:07,723 [INFO] RulesReader:64 - Compatibility file has been processed (301 Rules)
2025-05-07 22:26:07,825 [INFO] DbMcusXml:78 - Set database path to: C:\ST\STM32CubeIDE_1.18.0\STM32CubeIDE\plugins\com.st.stm32cube.common.mx_6.14.0.202502271554\\db\/mcu/
2025-05-07 22:26:07,826 [INFO] ApiDb:274 - Set plugin database path to: C:\ST\STM32CubeIDE_1.18.0\STM32CubeIDE\plugins\com.st.stm32cube.common.mx_6.14.0.202502271554\\db\/plugins/boardmanager/
2025-05-07 22:26:07,826 [INFO] ApiDb:261 - Set plugin images path to: C:\ST\STM32CubeIDE_1.18.0\STM32CubeIDE\plugins\com.st.stm32cube.common.mx_6.14.0.202502271554\\db\/plugins/mcufinder/images/
2025-05-07 22:26:07,826 [WARN] DbFile:41 - Overriding database path with different value: C:\Users\njfg0\.stmcufinder\plugins\mcufinder/ => C:\Users\njfg0\.stmcufinder\plugins\mcufinder
2025-05-07 22:26:07,826 [INFO] ApiDb:250 - Set database path to: C:\Users\njfg0\.stmcufinder\plugins\mcufinder//mcu/
2025-05-07 22:26:07,826 [WARN] DbFile:41 - Overriding database path with different value: C:\Users\njfg0\.stmcufinder\plugins\mcufinder/ => C:\Users\njfg0\.stmcufinder\plugins\mcufinder
2025-05-07 22:26:07,826 [INFO] DbMcusAds:125 - Set database path to: C:\Users\njfg0\.stmcufinder\plugins\mcufinder//mcu/
2025-05-07 22:26:07,826 [WARN] DbFile:41 - Overriding database path with different value: C:\Users\njfg0\.stmcufinder\plugins\mcufinder/ => C:\Users\njfg0\.stmcufinder\plugins\mcufinder
2025-05-07 22:26:07,827 [WARN] DbFile:41 - Overriding database path with different value: C:\Users\njfg0\.stmcufinder\plugins\mcufinder/ => C:\Users\njfg0\.stmcufinder\plugins\mcufinder
2025-05-07 22:26:07,827 [INFO] CrossReferenceDbSqlite:203 - Set database path to: C:\Users\njfg0\.stmcufinder\plugins\mcufinder//mcu/cs/
2025-05-07 22:26:07,933 [INFO] MainPanel:272 - HeapMemory: 268435456
2025-05-07 22:26:08,111 [INFO] DbMcusXml:78 - Set database path to: C:\ST\STM32CubeIDE_1.18.0\STM32CubeIDE\plugins\com.st.stm32cube.common.mx_6.14.0.202502271554\\db\/mcu/
2025-05-07 22:26:08,111 [INFO] ApiDb:274 - Set plugin database path to: C:\ST\STM32CubeIDE_1.18.0\STM32CubeIDE\plugins\com.st.stm32cube.common.mx_6.14.0.202502271554\\db\/plugins/boardmanager/
2025-05-07 22:26:08,112 [INFO] ApiDb:261 - Set plugin images path to: C:\ST\STM32CubeIDE_1.18.0\STM32CubeIDE\plugins\com.st.stm32cube.common.mx_6.14.0.202502271554\\db\/plugins/mcufinder/images/
2025-05-07 22:26:08,112 [WARN] DbFile:41 - Overriding database path with different value: C:\Users\njfg0\.stmcufinder\plugins\mcufinder/ => C:\Users\njfg0\.stmcufinder\plugins\mcufinder
2025-05-07 22:26:08,112 [INFO] ApiDb:250 - Set database path to: C:\Users\njfg0\.stmcufinder\plugins\mcufinder//mcu/
2025-05-07 22:26:08,113 [WARN] DbFile:41 - Overriding database path with different value: C:\Users\njfg0\.stmcufinder\plugins\mcufinder/ => C:\Users\njfg0\.stmcufinder\plugins\mcufinder
2025-05-07 22:26:08,113 [INFO] DbMcusAds:125 - Set database path to: C:\Users\njfg0\.stmcufinder\plugins\mcufinder//mcu/
2025-05-07 22:26:08,113 [WARN] DbFile:41 - Overriding database path with different value: C:\Users\njfg0\.stmcufinder\plugins\mcufinder/ => C:\Users\njfg0\.stmcufinder\plugins\mcufinder
2025-05-07 22:26:08,113 [WARN] DbFile:41 - Overriding database path with different value: C:\Users\njfg0\.stmcufinder\plugins\mcufinder/ => C:\Users\njfg0\.stmcufinder\plugins\mcufinder
2025-05-07 22:26:08,113 [INFO] CrossReferenceDbSqlite:203 - Set database path to: C:\Users\njfg0\.stmcufinder\plugins\mcufinder//mcu/cs/
2025-05-07 22:26:08,142 [INFO] ApplicationProperties:184 - Using Application install path: C:\ST\STM32CubeIDE_1.18.0\STM32CubeIDE\plugins\com.st.stm32cube.common.mx_6.14.0.202502271554
2025-05-07 22:26:08,144 [INFO] PluginManage:196 - Search for loadable plugins [exclusion list=, ]
2025-05-07 22:26:08,147 [INFO] PluginManage:310 - Check plugin analytics
2025-05-07 22:26:08,399 [INFO] AnalyticsPlugin:253 - Accepted Software Licenses: 
2025-05-07 22:26:08,400 [INFO] AnalyticsPlugin:255 - Accepted CMSIS Pack Licenses: 
2025-05-07 22:26:08,400 [INFO] AnalyticsPlugin:257 - Accepted Firmware Licenses: FW.F4.1.28.0
2025-05-07 22:26:08,404 [INFO] PluginManage:359 - Loaded plugin analytics (category:tool,tabindex:-1)
2025-05-07 22:26:08,405 [INFO] PluginManage:310 - Check plugin cadmodel
2025-05-07 22:26:08,413 [INFO] CADModel:105 - Init CAD model plugin
2025-05-07 22:26:08,414 [INFO] PluginManage:359 - Loaded plugin cadmodel (category:power,tabindex:5)
2025-05-07 22:26:08,414 [INFO] PluginManage:310 - Check plugin clock
2025-05-07 22:26:08,427 [INFO] PluginManage:359 - Loaded plugin clock (category:base,tabindex:2)
2025-05-07 22:26:08,428 [INFO] PluginManage:310 - Check plugin ddr
2025-05-07 22:26:08,431 [INFO] PluginManage:359 - Loaded plugin ddr (category:tool,tabindex:6)
2025-05-07 22:26:08,431 [INFO] PluginManage:310 - Check plugin filemanager
2025-05-07 22:26:08,750 [INFO] PluginManage:359 - Loaded plugin filemanager (category:base,tabindex:10)
2025-05-07 22:26:08,750 [INFO] PluginManage:310 - Check plugin ipmanager
2025-05-07 22:26:08,762 [INFO] PluginManage:359 - Loaded plugin ipmanager (category:base,tabindex:5)
2025-05-07 22:26:08,762 [INFO] PluginManage:310 - Check plugin lpbam
2025-05-07 22:26:08,776 [INFO] PluginManage:359 - Loaded plugin lpbam (category:base,tabindex:0)
2025-05-07 22:26:08,776 [INFO] PluginManage:310 - Check plugin memorymap
2025-05-07 22:26:08,798 [INFO] PluginManage:359 - Loaded plugin memorymap (category:base,tabindex:4)
2025-05-07 22:26:08,799 [INFO] PluginManage:310 - Check plugin pinoutandconfiguration
2025-05-07 22:26:08,812 [INFO] PluginManage:359 - Loaded plugin pinoutandconfiguration (category:base,tabindex:1)
2025-05-07 22:26:08,812 [INFO] PluginManage:310 - Check plugin pinoutconfig
2025-05-07 22:26:08,950 [WARN] SupportedApi:132 - Cannot load RTOS API schema: s4s-elt-must-match.1: The content of 'definitions' must match (annotation?, (simpleType | complexType)?, (unique | key | keyref)*)). A problem was found starting at: attribute.
2025-05-07 22:26:09,214 [INFO] PluginManage:359 - Loaded plugin pinoutconfig (category:base,tabindex:0)
2025-05-07 22:26:09,214 [INFO] PluginManage:310 - Check plugin power
2025-05-07 22:26:09,238 [INFO] PluginManage:359 - Loaded plugin power (category:power,tabindex:4)
2025-05-07 22:26:09,239 [INFO] PluginManage:310 - Check plugin projectmanager
2025-05-07 22:26:09,275 [INFO] PluginManage:359 - Loaded plugin projectmanager (category:projectmanager,tabindex:4)
2025-05-07 22:26:09,275 [INFO] PluginManage:310 - Check plugin rif
2025-05-07 22:26:09,291 [INFO] PluginManage:359 - Loaded plugin rif (category:base,tabindex:3)
2025-05-07 22:26:09,291 [INFO] PluginManage:310 - Check plugin thirdparty
2025-05-07 22:26:09,507 [INFO] PluginManage:359 - Loaded plugin thirdparty (category:base,tabindex:-1)
2025-05-07 22:26:09,507 [INFO] PluginManage:310 - Check plugin tools
2025-05-07 22:26:09,507 [WARN] IntegrityCheckThread:84 - waiting for thirdparty lock release [integrity check]
2025-05-07 22:26:09,508 [INFO] IntegrityCheckThread:86 - entering critical section [integrity check]
2025-05-07 22:26:09,508 [INFO] ThirdPartyUpdaterWithRetryManager:70 - Updater plugin not ready yet. [1/15]
2025-05-07 22:26:09,510 [INFO] PluginManage:359 - Loaded plugin tools (category:base,tabindex:7)
2025-05-07 22:26:09,511 [INFO] PluginManage:310 - Check plugin tutovideos
2025-05-07 22:26:09,739 [INFO] PluginManage:359 - Loaded plugin tutovideos (category:base,tabindex:-1)
2025-05-07 22:26:09,739 [INFO] PluginManage:310 - Check plugin updater
2025-05-07 22:26:09,767 [INFO] PluginManage:359 - Loaded plugin updater (category:base,tabindex:12)
2025-05-07 22:26:09,767 [INFO] PluginManage:310 - Check plugin userauth
2025-05-07 22:26:09,772 [INFO] UserAuth:118 - Init User Auth plugin
2025-05-07 22:26:09,773 [INFO] PluginManage:359 - Loaded plugin userauth (category:base,tabindex:14)
2025-05-07 22:26:09,773 [INFO] PluginManage:283 - PluginManage : Loaded plugins [18]
2025-05-07 22:26:10,030 [INFO] PinOutPanel:1589 - setPackage(No Configuration,No Configuration)
2025-05-07 22:26:10,120 [INFO] CADModel:165 - CPN selected for project level
2025-05-07 22:26:10,120 [INFO] CADModel:114 - Register for checkConnection events
2025-05-07 22:26:10,142 [INFO] IPUIPlugin:80 - create IPUIPlugin
2025-05-07 22:26:10,142 [INFO] PluginManager:220 - loadIPPluginJar : add adc
2025-05-07 22:26:10,145 [INFO] IPUIPlugin:80 - create IPUIPlugin
2025-05-07 22:26:10,145 [INFO] PluginManager:220 - loadIPPluginJar : add aes
2025-05-07 22:26:10,149 [INFO] IPUIPlugin:80 - create IPUIPlugin
2025-05-07 22:26:10,149 [INFO] PluginManager:220 - loadIPPluginJar : add can
2025-05-07 22:26:10,151 [INFO] IPUIPlugin:80 - create IPUIPlugin
2025-05-07 22:26:10,151 [INFO] PluginManager:220 - loadIPPluginJar : add comp
2025-05-07 22:26:10,155 [INFO] IPUIPlugin:80 - create IPUIPlugin
2025-05-07 22:26:10,155 [INFO] PluginManager:220 - loadIPPluginJar : add cryp
2025-05-07 22:26:10,161 [INFO] IPUIPlugin:80 - create IPUIPlugin
2025-05-07 22:26:10,162 [INFO] PluginManager:220 - loadIPPluginJar : add ddr_ctrl_phy
2025-05-07 22:26:10,165 [INFO] IPUIPlugin:80 - create IPUIPlugin
2025-05-07 22:26:10,165 [INFO] PluginManager:220 - loadIPPluginJar : add dfsdm
2025-05-07 22:26:10,171 [INFO] IPUIPlugin:80 - create IPUIPlugin
2025-05-07 22:26:10,172 [INFO] PluginManager:220 - loadIPPluginJar : add dma
2025-05-07 22:26:10,175 [INFO] IPUIPlugin:80 - create IPUIPlugin
2025-05-07 22:26:10,175 [INFO] PluginManager:220 - loadIPPluginJar : add dma3
2025-05-07 22:26:10,178 [INFO] IPUIPlugin:80 - create IPUIPlugin
2025-05-07 22:26:10,178 [INFO] PluginManager:220 - loadIPPluginJar : add extmemmanager
2025-05-07 22:26:10,181 [INFO] IPUIPlugin:80 - create IPUIPlugin
2025-05-07 22:26:10,181 [INFO] PluginManager:220 - loadIPPluginJar : add fatfs
2025-05-07 22:26:10,186 [INFO] IPUIPlugin:80 - create IPUIPlugin
2025-05-07 22:26:10,186 [INFO] PluginManager:220 - loadIPPluginJar : add fmc
2025-05-07 22:26:10,191 [INFO] IPUIPlugin:80 - create IPUIPlugin
2025-05-07 22:26:10,192 [INFO] PluginManager:220 - loadIPPluginJar : add freertos
2025-05-07 22:26:10,194 [INFO] IPUIPlugin:80 - create IPUIPlugin
2025-05-07 22:26:10,194 [INFO] PluginManager:220 - loadIPPluginJar : add genericplugin
2025-05-07 22:26:10,197 [INFO] IPUIPlugin:80 - create IPUIPlugin
2025-05-07 22:26:10,197 [INFO] PluginManager:220 - loadIPPluginJar : add gfxmmu
2025-05-07 22:26:10,205 [INFO] IPUIPlugin:80 - create IPUIPlugin
2025-05-07 22:26:10,206 [INFO] PluginManager:220 - loadIPPluginJar : add gic
2025-05-07 22:26:10,211 [INFO] IPUIPlugin:80 - create IPUIPlugin
2025-05-07 22:26:10,211 [INFO] PluginManager:220 - loadIPPluginJar : add gpio
2025-05-07 22:26:10,216 [INFO] IPUIPlugin:80 - create IPUIPlugin
2025-05-07 22:26:10,217 [INFO] PluginManager:220 - loadIPPluginJar : add gtzc
2025-05-07 22:26:10,221 [INFO] IPUIPlugin:80 - create IPUIPlugin
2025-05-07 22:26:10,222 [INFO] PluginManager:220 - loadIPPluginJar : add hash
2025-05-07 22:26:10,226 [INFO] IPUIPlugin:80 - create IPUIPlugin
2025-05-07 22:26:10,226 [INFO] PluginManager:220 - loadIPPluginJar : add i2c
2025-05-07 22:26:10,231 [INFO] IPUIPlugin:80 - create IPUIPlugin
2025-05-07 22:26:10,231 [INFO] PluginManager:220 - loadIPPluginJar : add i2s
2025-05-07 22:26:10,237 [INFO] IPUIPlugin:80 - create IPUIPlugin
2025-05-07 22:26:10,237 [INFO] PluginManager:220 - loadIPPluginJar : add i3c
2025-05-07 22:26:10,243 [INFO] IPUIPlugin:80 - create IPUIPlugin
2025-05-07 22:26:10,243 [INFO] PluginManager:220 - loadIPPluginJar : add ipddr
2025-05-07 22:26:10,254 [INFO] IPUIPlugin:80 - create IPUIPlugin
2025-05-07 22:26:10,255 [INFO] PluginManager:220 - loadIPPluginJar : add linkedlist
2025-05-07 22:26:10,259 [INFO] IPUIPlugin:80 - create IPUIPlugin
2025-05-07 22:26:10,259 [INFO] PluginManager:220 - loadIPPluginJar : add lorawan
2025-05-07 22:26:10,261 [INFO] IPUIPlugin:80 - create IPUIPlugin
2025-05-07 22:26:10,262 [INFO] PluginManager:220 - loadIPPluginJar : add ltdc
2025-05-07 22:26:10,269 [INFO] IPUIPlugin:80 - create IPUIPlugin
2025-05-07 22:26:10,270 [INFO] PluginManager:220 - loadIPPluginJar : add mdma
2025-05-07 22:26:10,275 [INFO] IPUIPlugin:80 - create IPUIPlugin
2025-05-07 22:26:10,275 [INFO] PluginManager:220 - loadIPPluginJar : add nvic
2025-05-07 22:26:10,280 [INFO] IPUIPlugin:80 - create IPUIPlugin
2025-05-07 22:26:10,281 [INFO] PluginManager:220 - loadIPPluginJar : add opamp
2025-05-07 22:26:10,285 [INFO] IPUIPlugin:80 - create IPUIPlugin
2025-05-07 22:26:10,286 [INFO] PluginManager:220 - loadIPPluginJar : add openamp
2025-05-07 22:26:10,290 [INFO] IPUIPlugin:80 - create IPUIPlugin
2025-05-07 22:26:10,290 [INFO] PluginManager:220 - loadIPPluginJar : add pdm2pcm
2025-05-07 22:26:10,300 [INFO] IPUIPlugin:80 - create IPUIPlugin
2025-05-07 22:26:10,304 [INFO] PluginManager:220 - loadIPPluginJar : add plateformsettings
2025-05-07 22:26:10,307 [INFO] IPUIPlugin:80 - create IPUIPlugin
2025-05-07 22:26:10,307 [INFO] PluginManager:220 - loadIPPluginJar : add quadspi
2025-05-07 22:26:10,310 [INFO] IPUIPlugin:80 - create IPUIPlugin
2025-05-07 22:26:10,311 [INFO] PluginManager:220 - loadIPPluginJar : add radio
2025-05-07 22:26:10,319 [INFO] IPUIPlugin:80 - create IPUIPlugin
2025-05-07 22:26:10,319 [INFO] PluginManager:220 - loadIPPluginJar : add resmgrutility
2025-05-07 22:26:10,324 [INFO] IPUIPlugin:80 - create IPUIPlugin
2025-05-07 22:26:10,324 [INFO] PluginManager:220 - loadIPPluginJar : add sai
2025-05-07 22:26:10,329 [INFO] IPUIPlugin:80 - create IPUIPlugin
2025-05-07 22:26:10,329 [INFO] PluginManager:220 - loadIPPluginJar : add spi
2025-05-07 22:26:10,339 [INFO] IPUIPlugin:80 - create IPUIPlugin
2025-05-07 22:26:10,339 [INFO] PluginManager:220 - loadIPPluginJar : add stm32_wpan
2025-05-07 22:26:10,343 [INFO] IPUIPlugin:80 - create IPUIPlugin
2025-05-07 22:26:10,343 [INFO] PluginManager:220 - loadIPPluginJar : add tim
2025-05-07 22:26:10,348 [INFO] IPUIPlugin:80 - create IPUIPlugin
2025-05-07 22:26:10,349 [INFO] PluginManager:220 - loadIPPluginJar : add touchsensing
2025-05-07 22:26:10,352 [INFO] IPUIPlugin:80 - create IPUIPlugin
2025-05-07 22:26:10,352 [INFO] PluginManager:220 - loadIPPluginJar : add tracer_emb
2025-05-07 22:26:10,355 [INFO] IPUIPlugin:80 - create IPUIPlugin
2025-05-07 22:26:10,356 [INFO] PluginManager:220 - loadIPPluginJar : add ts
2025-05-07 22:26:10,359 [INFO] IPUIPlugin:80 - create IPUIPlugin
2025-05-07 22:26:10,359 [INFO] PluginManager:220 - loadIPPluginJar : add tsc
2025-05-07 22:26:10,362 [INFO] IPUIPlugin:80 - create IPUIPlugin
2025-05-07 22:26:10,363 [INFO] PluginManager:220 - loadIPPluginJar : add ucpd
2025-05-07 22:26:10,366 [INFO] IPUIPlugin:80 - create IPUIPlugin
2025-05-07 22:26:10,367 [INFO] PluginManager:220 - loadIPPluginJar : add usart
2025-05-07 22:26:10,373 [INFO] IPUIPlugin:80 - create IPUIPlugin
2025-05-07 22:26:10,373 [INFO] PluginManager:220 - loadIPPluginJar : add usbx
2025-05-07 22:26:10,521 [FATAL] Updater:351 - Updater called before beeing initialized
2025-05-07 22:26:10,553 [INFO] RulesReader:64 - Compatibility file has been processed (301 Rules)
2025-05-07 22:26:10,570 [INFO] RulesReader:64 - Compatibility file has been processed (301 Rules)
2025-05-07 22:26:10,581 [INFO] CADModel:165 - CPN selected for project level
2025-05-07 22:26:10,581 [INFO] CADModel:114 - Register for checkConnection events
2025-05-07 22:26:10,581 [FATAL] Updater:351 - Updater called before beeing initialized
2025-05-07 22:26:10,582 [ERROR] CADModel:125 - Updater not yet initialized, retry later 
2025-05-07 22:26:10,782 [FATAL] Updater:351 - Updater called before beeing initialized
2025-05-07 22:26:10,784 [INFO] CADModel:165 - CPN selected for project level
2025-05-07 22:26:10,785 [INFO] CADModel:114 - Register for checkConnection events
2025-05-07 22:26:10,785 [FATAL] Updater:351 - Updater called before beeing initialized
2025-05-07 22:26:10,785 [ERROR] CADModel:125 - Updater not yet initialized, retry later 
2025-05-07 22:26:10,788 [FATAL] Updater:351 - Updater called before beeing initialized
2025-05-07 22:26:10,956 [FATAL] Updater:351 - Updater called before beeing initialized
2025-05-07 22:26:10,962 [INFO] DbMcusAds:53 - JSON generation date=Thu Mar 06 08:54:21 CST 2025 (1741272861825)
2025-05-07 22:26:10,962 [FATAL] Updater:351 - Updater called before beeing initialized
2025-05-07 22:26:11,025 [WARN] DetailPanel:346 - Failed to get advertising image, set to default
2025-05-07 22:26:11,574 [FATAL] Updater:351 - Updater called before beeing initialized
2025-05-07 22:26:11,577 [FATAL] Updater:351 - Updater called before beeing initialized
2025-05-07 22:26:11,577 [FATAL] Updater:351 - Updater called before beeing initialized
2025-05-07 22:26:11,577 [WARN] DetailPanel:346 - Failed to get advertising image, set to default
2025-05-07 22:26:11,578 [FATAL] Updater:351 - Updater called before beeing initialized
2025-05-07 22:26:11,660 [ERROR] Updater:1198 - MainUpdater not yet initialized. External WinMGr cannot be set.
2025-05-07 22:26:11,663 [INFO] Updater:1134 - Updater Version found : 6.14.0
2025-05-07 22:26:11,687 [INFO] ApplicationProperties:184 - Using Application install path: C:\ST\STM32CubeIDE_1.18.0\STM32CubeIDE\plugins\com.st.stm32cube.common.mx_6.14.0.202502271554
2025-05-07 22:26:12,511 [INFO] ThirdPartyUpdaterWithRetryManager:70 - Updater plugin not ready yet. [2/15]
2025-05-07 22:26:13,265 [ERROR] LogOutputStream:75 - [STDERR_REDIRECT] May 07, 2025 10:26:13 PM java.util.prefs.WindowsPreferences <init>
2025-05-07 22:26:13,267 [ERROR] LogOutputStream:75 - [STDERR_REDIRECT] WARNING: Could not open/create prefs root node Software\JavaSoft\Prefs at root 0xffffffff80000002. Windows RegCreateKeyEx(...) returned error code 5.
2025-05-07 22:26:13,268 [ERROR] LogOutputStream:75 - [STDERR_REDIRECT] 
2025-05-07 22:26:13,938 [INFO] MainUpdater:2872 - connection check result : 10
2025-05-07 22:26:13,938 [INFO] MainUpdater:3566 - Updater definition file requires update
2025-05-07 22:26:13,938 [INFO] MainUpdater:289 - Updater Check For Update Now.
2025-05-07 22:26:13,938 [INFO] MicroXplorer:498 - Change Database Version : DB.6.0.140
2025-05-07 22:26:13,948 [INFO] McuFinderGlobals:63 - Set McuFinder mode to 2 (CubeIDE integrated)
2025-05-07 22:26:13,948 [INFO] UserAuth:486 - Internet connection configuration mode: 1
2025-05-07 22:26:13,980 [INFO] JxBrowserEngine:152 - Initiate JxBrowser Engine with user profile folder
2025-05-07 22:26:14,028 [INFO] ServerAccessManage:473 - Download File updaters.zip
2025-05-07 22:26:14,269 [INFO] FileExtend:242 - Unzip File : updaters.zip
2025-05-07 22:26:14,269 [INFO] FileExtend:257 - Standard Zip Deflate
2025-05-07 22:26:15,515 [WARN] MainUpdater:1193 - Updater busy. Cannot search thirdparties
2025-05-07 22:26:15,515 [INFO] ThirdPartyUpdaterWithRetryManager:96 - Updater plugin is busy. [1/15]
2025-05-07 22:26:16,036 [INFO] ServerAccessManage:473 - Download File PacksControlFlags.xml
2025-05-07 22:26:16,119 [INFO] WebApp:169 - Instantiating new browser for Auth
2025-05-07 22:26:16,186 [INFO] ServerAccessManage:473 - Download File cubemx.pidx
2025-05-07 22:26:17,737 [INFO] ServerAccessManage:473 - Download File STMicroelectronics.X-CUBE-FREERTOS.pdsc
2025-05-07 22:26:17,836 [INFO] WebApp:463 - Apply proxy settings
2025-05-07 22:26:17,836 [INFO] WebApp:548 - Chromium requires no authentication
2025-05-07 22:26:17,861 [INFO] WebApp:491 - Direct internet connection detected
2025-05-07 22:26:17,987 [INFO] WebApp:894 - Register for checkConnection events
2025-05-07 22:26:17,987 [INFO] WebApp:463 - Apply proxy settings
2025-05-07 22:26:17,987 [INFO] WebApp:548 - Chromium requires no authentication
2025-05-07 22:26:17,987 [INFO] WebApp:491 - Direct internet connection detected
2025-05-07 22:26:18,352 [INFO] WebApp:191 - Connection restablished
2025-05-07 22:26:18,521 [WARN] MainUpdater:1193 - Updater busy. Cannot search thirdparties
2025-05-07 22:26:18,521 [INFO] ThirdPartyUpdaterWithRetryManager:96 - Updater plugin is busy. [2/15]
2025-05-07 22:26:18,686 [INFO] WebApp:225 - Starting web application
2025-05-07 22:26:18,686 [INFO] WebApp:593 - Web application path used C:\ST\STM32CubeIDE_1.18.0\STM32CubeIDE\plugins\com.st.stm32cube.common.mx_6.14.0.202502271554\db\plugins\mcufinder\reactClient1\index.html
2025-05-07 22:26:18,820 [INFO] UserAuth:486 - Internet connection configuration mode: 1
2025-05-07 22:26:20,525 [WARN] PackLoader:240 - Cannot read IP mode file for STMicroelectronics.X-CUBE-FREERTOS.1.3.1
2025-05-07 22:26:20,525 [INFO] PopulateThirdPartyThread:66 - Ending populate Thread
2025-05-07 22:26:20,525 [INFO] ThirdParty:1030 - CMSIS Pack Vendor :STMicroelectronics X-CUBE-FREERTOS 1.3.1
2025-05-07 22:26:20,525 [INFO] LoadServerUpdatesThread:375 - End of LoadServerUpdate Thread
2025-05-07 22:26:20,695 [INFO] CheckServerUpdateThread:120 - End of CheckServer Thread
2025-05-07 22:26:22,035 [WARN] PackLoader:240 - Cannot read IP mode file for STMicroelectronics.FP-SNS-MOTENVWB1.1.4.0
2025-05-07 22:26:22,044 [WARN] PackLoader:240 - Cannot read IP mode file for STMicroelectronics.FP-ATR-ASTRA1.2.0.2
2025-05-07 22:26:22,060 [WARN] PackLoader:240 - Cannot read IP mode file for STMicroelectronics.X-CUBE-SMBUS.2.1.0
2025-05-07 22:26:22,075 [WARN] PackLoader:240 - Cannot read IP mode file for STMicroelectronics.X-CUBE-WB05N.1.1.0
2025-05-07 22:26:22,110 [WARN] PackLoader:240 - Cannot read IP mode file for STMicroelectronics.X-CUBE-AZRTOS-F7.1.1.0
2025-05-07 22:26:22,169 [WARN] PackLoader:240 - Cannot read IP mode file for Infineon.AIROC-Wi-Fi-Bluetooth-STM32.1.7.0
2025-05-07 22:26:22,186 [WARN] PackLoader:240 - Cannot read IP mode file for STMicroelectronics.X-CUBE-DISPLAY.3.0.0
2025-05-07 22:26:22,218 [WARN] PackLoader:240 - Cannot read IP mode file for STMicroelectronics.X-CUBE-NFC10.1.0.0
2025-05-07 22:26:22,236 [WARN] PackLoader:240 - Cannot read IP mode file for STMicroelectronics.X-CUBE-BLEMGR.4.0.0
2025-05-07 22:26:22,252 [WARN] PackLoader:240 - Cannot read IP mode file for emotas.I-CUBE-CANOPEN.1.3.0
2025-05-07 22:26:22,263 [WARN] ConditionMgr:438 - getConditionDescription Invalid condition id : Cortex-A Device cause : null
2025-05-07 22:26:22,279 [WARN] ConditionMgr:1044 - genDependencies : Invalid condition id : Cortex-A Device cause : null
2025-05-07 22:26:22,279 [WARN] ConditionMgr:1044 - genDependencies : Invalid condition id : Cortex-A Device cause : null
2025-05-07 22:26:22,279 [WARN] ConditionMgr:1044 - genDependencies : Invalid condition id : Cortex-A Device cause : null
2025-05-07 22:26:22,286 [WARN] PackLoader:240 - Cannot read IP mode file for STMicroelectronics.X-CUBE-AI.10.0.0
2025-05-07 22:26:22,295 [WARN] PackLoader:240 - Cannot read IP mode file for STMicroelectronics.FP-SNS-SMARTAG2.1.2.0
2025-05-07 22:26:22,303 [WARN] PackLoader:240 - Cannot read IP mode file for STMicroelectronics.FP-SNS-FLIGHT1.5.1.0
2025-05-07 22:26:22,397 [WARN] PackLoader:240 - Cannot read IP mode file for STMicroelectronics.X-CUBE-MEMS1.11.1.0
2025-05-07 22:26:22,755 [INFO] LogOutputStream:77 - [STDOUT_REDIRECT] 1 : Invalid condition id : UX_CORESTACK_Condition cause : null
2025-05-07 22:26:22,755 [INFO] LogOutputStream:77 - [STDOUT_REDIRECT] 1 : Invalid condition id : UX_CORESTACK_Condition cause : null
2025-05-07 22:26:22,755 [INFO] LogOutputStream:77 - [STDOUT_REDIRECT] 1 : Invalid condition id : UX_CORESTACK_Condition cause : null
2025-05-07 22:26:22,755 [INFO] LogOutputStream:77 - [STDOUT_REDIRECT] 1 : Invalid condition id : UX_CORESTACK_Condition cause : null
2025-05-07 22:26:22,755 [INFO] LogOutputStream:77 - [STDOUT_REDIRECT] 1 : Invalid condition id : UX_CORESTACK_Condition cause : null
2025-05-07 22:26:22,770 [WARN] PackLoader:240 - Cannot read IP mode file for STMicroelectronics.X-CUBE-AZRTOS-WL.2.0.0
2025-05-07 22:26:22,786 [WARN] PackLoader:240 - Cannot read IP mode file for STMicroelectronics.FP-SNS-MOTENV1.5.0.0
2025-05-07 22:26:22,803 [WARN] PackLoader:240 - Cannot read IP mode file for WES.I-CUBE-Cesium.1.3.0
2025-05-07 22:26:22,820 [WARN] PackLoader:240 - Cannot read IP mode file for STMicroelectronics.X-CUBE-BLE2.3.3.0
2025-05-07 22:26:22,830 [WARN] PackLoader:240 - Cannot read IP mode file for STMicroelectronics.X-CUBE-NFC9.1.0.0
2025-05-07 22:26:22,852 [WARN] PackLoader:240 - Cannot read IP mode file for STMicroelectronics.X-CUBE-BLE1.7.1.0
2025-05-07 22:26:22,852 [WARN] PackLoader:240 - Cannot read IP mode file for wolfSSL.I-CUBE-wolfMQTT.1.19.2
2025-05-07 22:26:22,936 [WARN] PackLoader:240 - Cannot read IP mode file for STMicroelectronics.X-CUBE-MEMS1.11.2.0
2025-05-07 22:26:23,235 [WARN] PackLoader:240 - Cannot read IP mode file for STMicroelectronics.X-CUBE-AZRTOS-G0.1.1.0
2025-05-07 22:26:23,255 [WARN] PackLoader:240 - Cannot read IP mode file for STMicroelectronics.X-CUBE-SAFEA1.1.2.2
2025-05-07 22:26:23,270 [WARN] PackLoader:240 - Cannot read IP mode file for STMicroelectronics.X-CUBE-NFC4.3.0.0
2025-05-07 22:26:23,286 [WARN] PackLoader:240 - Cannot read IP mode file for EmbeddedOffice.I-CUBE-FS-RTOS.1.0.1
2025-05-07 22:26:23,304 [WARN] PackLoader:240 - Cannot read IP mode file for STMicroelectronics.X-CUBE-WB05N.2.0.0
2025-05-07 22:26:23,338 [WARN] PackLoader:240 - Cannot read IP mode file for wolfSSL.I-CUBE-wolfTPM.3.8.0
2025-05-07 22:26:23,384 [WARN] PackLoader:240 - Cannot read IP mode file for STMicroelectronics.X-CUBE-TCPP.4.2.0
2025-05-07 22:26:23,386 [WARN] PackLoader:240 - Cannot read IP mode file for RealThread.X-CUBE-RT-Thread_Nano.4.1.1
2025-05-07 22:26:23,399 [WARN] PackLoader:240 - Cannot read IP mode file for STMicroelectronics.FP-ATR-SIGFOX1.3.2.0
2025-05-07 22:26:23,399 [WARN] PackLoader:240 - Cannot read IP mode file for STMicroelectronics.X-CUBE-EEPRMA1.5.1.0
2025-05-07 22:26:23,418 [WARN] PackLoader:240 - Cannot read IP mode file for wolfSSL.I-CUBE-wolfSSL.5.7.6
2025-05-07 22:26:23,431 [WARN] PackLoader:240 - Cannot read IP mode file for ITTIA_DB.I-CUBE-ITTIADB.8.9.0
2025-05-07 22:26:23,469 [WARN] PackLoader:240 - Cannot read IP mode file for SEGGER.I-CUBE-embOS.1.3.1
2025-05-07 22:26:23,535 [WARN] PackLoader:240 - Cannot read IP mode file for STMicroelectronics.X-CUBE-ALGOBUILD.1.4.0
2025-05-07 22:26:23,569 [WARN] PackLoader:240 - Cannot read IP mode file for STMicroelectronics.X-CUBE-AZRTOS-F4.1.1.0
2025-05-07 22:26:23,589 [WARN] PackLoader:240 - Cannot read IP mode file for Avnet-IotConnect.X-CUBE-IoTC-DA16k-PMOD.1.0.0
2025-05-07 22:26:23,597 [WARN] PackLoader:240 - Cannot read IP mode file for STMicroelectronics.X-CUBE-ISPU.2.1.0
2025-05-07 22:26:23,636 [WARN] PackLoader:240 - Cannot read IP mode file for STMicroelectronics.X-CUBE-AZRTOS-L5.2.0.0
2025-05-07 22:26:23,653 [WARN] PackLoader:240 - Cannot read IP mode file for STMicroelectronics.X-CUBE-NFC6.3.1.0
2025-05-07 22:26:23,673 [WARN] PackLoader:240 - Cannot read IP mode file for STMicroelectronics.X-CUBE-DPower.1.2.0
2025-05-07 22:26:23,704 [WARN] PackLoader:240 - Cannot read IP mode file for STMicroelectronics.X-CUBE-FREERTOS.1.3.1
2025-05-07 22:26:23,704 [WARN] PackLoader:240 - Cannot read IP mode file for STMicroelectronics.X-CUBE-FREERTOS.1.3.0
2025-05-07 22:26:23,721 [WARN] PackLoader:240 - Cannot read IP mode file for STMicroelectronics.X-CUBE-NFC7.1.0.1
2025-05-07 22:26:23,736 [WARN] PackLoader:240 - Cannot read IP mode file for STMicroelectronics.X-CUBE-DPower.1.3.0
2025-05-07 22:26:23,769 [WARN] ConditionMgr:438 - getConditionDescription Invalid condition id : LAN8742 Phy interface Condition cause : null
2025-05-07 22:26:23,769 [WARN] PackLoader:240 - Cannot read IP mode file for STMicroelectronics.X-CUBE-AZRTOS-L4.2.0.0
2025-05-07 22:26:23,769 [WARN] ConditionMgr:1044 - genDependencies : Invalid condition id : LAN8742 Phy interface Condition cause : null
2025-05-07 22:26:23,790 [WARN] ConditionMgr:1044 - genDependencies : Invalid condition id : LAN8742 Phy interface Condition cause : null
2025-05-07 22:26:23,790 [WARN] ConditionMgr:1044 - genDependencies : Invalid condition id : LAN8742 Phy interface Condition cause : null
2025-05-07 22:26:23,804 [WARN] PackLoader:240 - Cannot read IP mode file for STMicroelectronics.X-CUBE-SFXS2LP1.4.0.0
2025-05-07 22:26:23,889 [WARN] PackLoader:240 - Cannot read IP mode file for STMicroelectronics.X-CUBE-AZRTOS-H7.3.3.0
2025-05-07 22:26:23,951 [WARN] ConditionMgr:438 - getConditionDescription Invalid condition id : UX DEVICE CLASS RTOS Condition cause : null
2025-05-07 22:26:23,951 [WARN] ConditionMgr:438 - getConditionDescription Invalid condition id : UX DEVICE CLASS RTOS Condition cause : null
2025-05-07 22:26:23,953 [WARN] PackLoader:240 - Cannot read IP mode file for STMicroelectronics.X-CUBE-AZRTOS-WB.2.0.0
2025-05-07 22:26:23,953 [WARN] ConditionMgr:1044 - genDependencies : Invalid condition id : UX DEVICE CLASS RTOS Condition cause : null
2025-05-07 22:26:23,961 [WARN] ConditionMgr:1044 - genDependencies : Invalid condition id : UX DEVICE CLASS RTOS Condition cause : null
2025-05-07 22:26:23,961 [WARN] ConditionMgr:1044 - genDependencies : Invalid condition id : UX DEVICE CLASS RTOS Condition cause : null
2025-05-07 22:26:23,961 [WARN] ConditionMgr:1044 - genDependencies : Invalid condition id : UX DEVICE CLASS RTOS Condition cause : null
2025-05-07 22:26:23,961 [WARN] ConditionMgr:1044 - genDependencies : Invalid condition id : UX DEVICE CLASS RTOS Condition cause : null
2025-05-07 22:26:23,969 [WARN] PackLoader:240 - Cannot read IP mode file for STMicroelectronics.X-CUBE-GNSS1.7.0.1
2025-05-07 22:26:23,984 [WARN] PackLoader:240 - Cannot read IP mode file for STMicroelectronics.X-CUBE-TOUCHGFX.4.25.0
2025-05-07 22:26:23,993 [WARN] PackLoader:240 - Cannot read IP mode file for STMicroelectronics.FP-SNS-STBOX1.2.0.0
2025-05-07 22:26:24,017 [WARN] PackLoader:240 - Cannot read IP mode file for STMicroelectronics.X-CUBE-SUBG2.5.0.0
2025-05-07 22:26:24,069 [WARN] PackLoader:240 - Cannot read IP mode file for STMicroelectronics.X-CUBE-AZRTOS-H7RS.1.1.0
2025-05-07 22:26:24,085 [WARN] PackLoader:240 - Cannot read IP mode file for Cesanta.I-CUBE-Mongoose.7.13.0
2025-05-07 22:26:24,137 [WARN] PackLoader:240 - Cannot read IP mode file for STMicroelectronics.X-CUBE-AZRTOS-G4.2.0.0
2025-05-07 22:26:24,152 [WARN] PackLoader:240 - Cannot read IP mode file for wolfSSL.I-CUBE-wolfSSH.1.4.20
2025-05-07 22:26:24,152 [WARN] PackLoader:240 - Cannot read IP mode file for STMicroelectronics.X-CUBE-NFC7.2.0.0
2025-05-07 22:26:24,179 [WARN] PackLoader:240 - Cannot read IP mode file for STMicroelectronics.X-CUBE-IPS.3.1.0
2025-05-07 22:26:24,195 [WARN] PackLoader:240 - Cannot read IP mode file for STMicroelectronics.X-CUBE-ALS.1.0.2
2025-05-07 22:26:24,210 [WARN] PackLoader:240 - Cannot read IP mode file for portGmbH.I-Cube-SoM-uGOAL.1.1.0
2025-05-07 22:26:24,234 [WARN] PackLoader:240 - Cannot read IP mode file for STMicroelectronics.X-CUBE-AZRTOS-H7RS.1.0.0
2025-05-07 22:26:24,261 [WARN] PackLoader:240 - Cannot read IP mode file for STMicroelectronics.X-CUBE-TOF1.3.4.2
2025-05-07 22:26:24,319 [WARN] PackLoader:240 - Cannot read IP mode file for STMicroelectronics.X-CUBE-TOF1.3.4.3
2025-05-07 22:26:24,335 [INFO] ThirdParty:978 - Integrity check success = true
2025-05-07 22:26:24,335 [INFO] IntegrityCheckThread:100 - exiting critical section [integrity check]
2025-05-07 22:26:24,335 [INFO] IntegrityCheckThread:103 - End integrity checks thread
2025-05-07 23:01:51,543 [INFO] WebApp:194 - Connection lost
2025-05-07 23:01:51,819 [INFO] WebApp:191 - Connection restablished
2025-05-07 23:01:53,204 [INFO] WebApp:194 - Connection lost
2025-05-07 23:01:53,348 [INFO] WebApp:191 - Connection restablished
2025-05-07 23:03:15,779 [INFO] WebApp:194 - Connection lost
2025-05-07 23:03:21,902 [INFO] WebApp:191 - Connection restablished
2025-05-07 23:50:23,100 [INFO] WebApp:194 - Connection lost
2025-05-07 23:50:29,351 [INFO] WebApp:191 - Connection restablished
